SF:lib\API\image_fetcher_mock.dart
DA:17,1
DA:18,2
DA:19,0
DA:21,2
DA:24,1
DA:26,2
DA:27,2
DA:28,1
DA:32,0
DA:37,1
DA:38,1
DA:42,1
DA:45,1
DA:46,1
DA:47,1
DA:48,0
DA:49,0
DA:50,0
DA:51,0
DA:52,0
DA:53,0
DA:54,0
DA:55,0
DA:56,0
DA:57,0
DA:61,1
DA:62,1
DA:63,3
LF:28
LH:16
end_of_record
SF:lib\TinderMVC\tinder_model.dart
DA:9,1
DA:10,2
DA:11,0
DA:12,2
DA:13,2
DA:14,1
DA:17,1
DA:18,2
DA:19,2
DA:25,1
DA:26,2
DA:27,2
DA:33,0
DA:34,0
DA:35,0
DA:37,0
DA:38,0
DA:42,1
DA:43,4
LF:19
LH:13
end_of_record
SF:lib\TinderMVC\tinder_view.dart
DA:9,1
DA:11,1
DA:12,1
DA:18,1
DA:20,1
DA:22,4
DA:25,1
DA:28,4
DA:29,1
DA:32,1
DA:34,1
DA:35,0
DA:36,0
DA:37,0
DA:43,1
DA:44,2
DA:46,1
DA:48,1
DA:49,3
DA:50,0
DA:52,0
DA:56,2
DA:59,1
DA:62,4
DA:64,1
DA:65,1
DA:66,2
DA:70,0
DA:71,0
DA:72,0
DA:73,0
DA:78,1
DA:79,2
DA:80,3
DA:87,4
DA:89,1
DA:90,1
DA:91,1
DA:92,1
DA:93,1
DA:94,1
DA:96,1
DA:97,1
DA:98,1
DA:100,3
DA:101,1
DA:106,2
DA:107,1
DA:108,1
DA:109,1
DA:110,2
DA:111,1
DA:112,0
DA:113,0
DA:116,1
DA:119,1
DA:120,1
DA:123,1
DA:124,1
DA:127,4
DA:128,1
DA:129,1
DA:130,1
DA:131,4
DA:135,0
DA:139,1
DA:143,1
DA:145,1
DA:147,1
DA:149,1
DA:150,2
DA:151,1
DA:153,1
DA:154,1
DA:156,1
DA:160,1
DA:161,0
DA:164,1
DA:166,1
DA:167,1
DA:169,1
DA:179,2
DA:181,1
DA:183,1
DA:184,1
DA:185,1
DA:186,3
DA:187,3
DA:188,1
LF:89
LH:76
end_of_record
SF:lib\API\chatgpt_recipe_mock.dart
DA:161,0
DA:163,0
DA:164,0
DA:165,0
DA:167,0
DA:170,0
DA:173,0
DA:174,0
DA:175,0
DA:177,0
DA:178,0
DA:180,0
DA:181,0
DA:183,0
DA:184,0
DA:186,0
DA:187,0
DA:189,0
DA:190,0
DA:197,0
DA:198,0
LF:21
LH:0
end_of_record
SF:lib\TinderMVC\tinder_controller.dart
DA:18,0
DA:21,0
DA:22,0
DA:25,0
DA:26,0
DA:30,0
DA:31,0
DA:32,0
DA:33,0
DA:34,0
DA:39,0
DA:40,0
DA:41,0
DA:42,0
DA:48,0
DA:51,0
DA:52,0
DA:53,0
DA:56,0
DA:59,0
DA:60,0
DA:61,0
DA:62,0
DA:65,0
DA:68,0
DA:69,0
DA:71,0
DA:75,0
DA:76,0
DA:77,0
DA:78,0
DA:79,0
DA:83,0
DA:84,0
DA:85,0
DA:86,0
LF:36
LH:0
end_of_record
