SF:lib\api_mock.dart
DA:163,1
DA:164,2
DA:167,1
DA:169,2
DA:170,2
DA:171,1
DA:175,0
DA:180,1
DA:181,1
DA:185,1
DA:187,1
DA:188,1
DA:189,1
DA:190,1
DA:191,1
DA:192,1
DA:193,1
DA:194,1
DA:195,1
DA:196,1
DA:197,1
DA:198,1
DA:199,1
DA:203,1
DA:206,1
DA:207,1
DA:208,1
DA:209,1
DA:210,1
DA:211,1
DA:212,1
DA:213,1
DA:214,1
DA:215,1
DA:216,1
DA:217,1
DA:218,1
DA:219,1
LF:38
LH:37
end_of_record
SF:lib\tinder_controller.dart
DA:14,1
DA:17,1
DA:18,1
DA:21,1
DA:22,2
DA:26,1
DA:27,1
DA:28,1
DA:29,0
DA:30,0
DA:36,1
DA:37,3
DA:38,2
DA:39,2
DA:40,2
DA:41,2
DA:43,2
DA:47,1
DA:48,5
DA:49,2
DA:50,1
DA:52,2
DA:54,1
LF:23
LH:21
end_of_record
SF:lib\tinder_model.dart
DA:12,1
DA:13,2
DA:14,1
DA:15,3
DA:16,3
DA:17,1
DA:20,1
DA:21,3
DA:24,1
DA:25,3
DA:28,1
DA:29,1
DA:32,1
DA:33,1
DA:36,1
DA:37,2
LF:16
LH:16
end_of_record
SF:lib\tinder_view.dart
DA:9,1
DA:11,0
DA:12,0
DA:16,0
DA:17,0
DA:19,0
DA:20,0
DA:25,0
DA:28,0
DA:30,0
DA:31,0
DA:38,0
DA:40,0
DA:41,0
DA:42,0
DA:43,0
DA:44,0
DA:45,0
DA:47,0
DA:48,0
DA:49,0
DA:51,0
DA:52,0
DA:57,0
DA:58,0
DA:59,0
DA:60,0
DA:61,0
DA:62,0
DA:63,0
DA:66,0
DA:69,0
DA:70,0
DA:73,0
DA:74,0
DA:77,0
DA:78,0
DA:79,0
DA:80,0
DA:81,0
DA:85,0
DA:89,0
DA:93,0
DA:95,0
DA:97,0
DA:99,0
DA:100,0
DA:101,0
DA:103,0
DA:104,0
DA:106,0
DA:110,0
DA:111,0
DA:114,0
DA:116,0
DA:117,0
DA:119,0
DA:129,0
DA:131,0
DA:133,0
DA:134,0
DA:135,0
DA:136,0
DA:137,0
DA:138,0
LF:65
LH:1
end_of_record
